[INFO] Scanning for projects...
[WARNING] 
[WARNING] Some problems were encountered while building the effective model for com.example:demo:jar:0.0.1-SNAPSHOT
[WARNING] 'dependencies.dependency.(groupId:artifactId:type:classifier)' must be unique: org.springframework.boot:spring-boot-starter-test:jar -> duplicate declaration of version (?) @ line 71, column 15
[WARNING] 'dependencies.dependency.(groupId:artifactId:type:classifier)' must be unique: org.springframework.boot:spring-boot-starter-data-jpa:jar -> duplicate declaration of version (?) @ line 86, column 15
[WARNING] 'dependencies.dependency.(groupId:artifactId:type:classifier)' must be unique: org.springframework.boot:spring-boot-starter-web:jar -> duplicate declaration of version (?) @ line 90, column 15
[WARNING] 'dependencies.dependency.(groupId:artifactId:type:classifier)' must be unique: org.springframework.boot:spring-boot-starter-webflux:jar -> duplicate declaration of version (?) @ line 94, column 15
[WARNING] 'dependencies.dependency.(groupId:artifactId:type:classifier)' must be unique: org.projectlombok:lombok:jar -> duplicate declaration of version (?) @ line 99, column 15
[WARNING] 'dependencies.dependency.(groupId:artifactId:type:classifier)' must be unique: org.springframework.boot:spring-boot-starter-test:jar -> duplicate declaration of version (?) @ line 104, column 15
[WARNING] 'dependencies.dependency.(groupId:artifactId:type:classifier)' must be unique: io.projectreactor:reactor-test:jar -> duplicate declaration of version (?) @ line 109, column 15
[WARNING] 
[WARNING] It is highly recommended to fix these problems because they threaten the stability of your build.
[WARNING] 
[WARNING] For this reason, future Maven versions might no longer support building such malformed projects.
[WARNING] 
[INFO] 
[INFO] --------------------------< com.example:demo >--------------------------
[INFO] Building demo 0.0.1-SNAPSHOT
[INFO]   from pom.xml
[INFO] --------------------------------[ jar ]---------------------------------
[INFO] 
[INFO] >>> spring-boot:3.2.10:run (default-cli) > test-compile @ demo >>>
[INFO] 
[INFO] --- resources:3.3.1:resources (default-resources) @ demo ---
[INFO] Copying 1 resource from src\main\resources to target\classes
[INFO] Copying 0 resource from src\main\resources to target\classes
[INFO] 
[INFO] --- compiler:3.11.0:compile (default-compile) @ demo ---
[INFO] Nothing to compile - all classes are up to date
[INFO] 
[INFO] --- resources:3.3.1:testResources (default-testResources) @ demo ---
[INFO] skip non existing resourceDirectory C:\Users\nicol\OneDrive\Escritorio\TP_Dise-o__Enjavajoyers\servicio-estadistica\src\test\resources
[INFO] 
[INFO] --- compiler:3.11.0:testCompile (default-testCompile) @ demo ---
[INFO] Nothing to compile - all classes are up to date
[INFO] 
[INFO] <<< spring-boot:3.2.10:run (default-cli) < test-compile @ demo <<<
[INFO] 
[INFO] 
[INFO] --- spring-boot:3.2.10:run (default-cli) @ demo ---
[INFO] Attaching agents: []

  .   ____          _            __ _ _
 /\\ / ___'_ __ _ _(_)_ __  __ _ \ \ \ \
( ( )\___ | '_ | '_| | '_ \/ _` | \ \ \ \
 \\/  ___)| |_)| | | | | || (_| |  ) ) ) )
  '  |____| .__|_| |_|_| |_\__, | / / / /
 =========|_|==============|___/=/_/_/_/
 :: Spring Boot ::               (v3.2.10)

2025-12-03T18:57:32.765-03:00  INFO 10620 --- [servicio-estadistica] [           main] a.e.f.d.s.EstadisticaApplication         : Starting EstadisticaApplication using Java 17.0.12 with PID 10620 (C:\Users\nicol\OneDrive\Escritorio\TP_Dise-o__Enjavajoyers\servicio-estadistica\target\classes started by nicol in C:\Users\nicol\OneDrive\Escritorio\TP_Dise-o__Enjavajoyers\servicio-estadistica)
2025-12-03T18:57:32.773-03:00  INFO 10620 --- [servicio-estadistica] [           main] a.e.f.d.s.EstadisticaApplication         : No active profile set, falling back to 1 default profile: "default"
2025-12-03T18:57:36.612-03:00  INFO 10620 --- [servicio-estadistica] [           main] .s.d.r.c.RepositoryConfigurationDelegate : Bootstrapping Spring Data JPA repositories in DEFAULT mode.
2025-12-03T18:57:37.190-03:00  INFO 10620 --- [servicio-estadistica] [           main] .s.d.r.c.RepositoryConfigurationDelegate : Finished Spring Data repository scanning in 536 ms. Found 3 JPA repository interfaces.
2025-12-03T18:57:40.560-03:00  INFO 10620 --- [servicio-estadistica] [           main] o.s.b.w.embedded.tomcat.TomcatWebServer  : Tomcat initialized with port 8084 (http)
2025-12-03T18:57:40.592-03:00  INFO 10620 --- [servicio-estadistica] [           main] o.apache.catalina.core.StandardService   : Starting service [Tomcat]
2025-12-03T18:57:40.593-03:00  INFO 10620 --- [servicio-estadistica] [           main] o.apache.catalina.core.StandardEngine    : Starting Servlet engine: [Apache Tomcat/10.1.30]
2025-12-03T18:57:40.859-03:00  INFO 10620 --- [servicio-estadistica] [           main] o.a.c.c.C.[Tomcat].[localhost].[/]       : Initializing Spring embedded WebApplicationContext
2025-12-03T18:57:40.863-03:00  INFO 10620 --- [servicio-estadistica] [           main] w.s.c.ServletWebServerApplicationContext : Root WebApplicationContext: initialization completed in 7849 ms
2025-12-03T18:57:41.527-03:00  INFO 10620 --- [servicio-estadistica] [           main] o.hibernate.jpa.internal.util.LogHelper  : HHH000204: Processing PersistenceUnitInfo [name: default]
2025-12-03T18:57:41.663-03:00  INFO 10620 --- [servicio-estadistica] [           main] org.hibernate.Version                    : HHH000412: Hibernate ORM core version 6.4.10.Final
2025-12-03T18:57:41.768-03:00  INFO 10620 --- [servicio-estadistica] [           main] o.h.c.internal.RegionFactoryInitiator    : HHH000026: Second-level cache disabled
2025-12-03T18:57:42.496-03:00  INFO 10620 --- [servicio-estadistica] [           main] o.s.o.j.p.SpringPersistenceUnitInfo      : No LoadTimeWeaver setup: ignoring JPA class transformer
2025-12-03T18:57:42.567-03:00  INFO 10620 --- [servicio-estadistica] [           main] com.zaxxer.hikari.HikariDataSource       : HikariPool-1 - Starting...
2025-12-03T18:57:42.942-03:00  INFO 10620 --- [servicio-estadistica] [           main] com.zaxxer.hikari.pool.HikariPool        : HikariPool-1 - Added connection com.mysql.cj.jdbc.ConnectionImpl@6aad919c
2025-12-03T18:57:42.945-03:00  INFO 10620 --- [servicio-estadistica] [           main] com.zaxxer.hikari.HikariDataSource       : HikariPool-1 - Start completed.
2025-12-03T18:57:43.052-03:00  WARN 10620 --- [servicio-estadistica] [           main] org.hibernate.orm.deprecation            : HHH90000025: MySQL8Dialect does not need to be specified explicitly using 'hibernate.dialect' (remove the property setting and it will be selected by default)
2025-12-03T18:57:43.059-03:00  WARN 10620 --- [servicio-estadistica] [           main] org.hibernate.orm.deprecation            : HHH90000026: MySQL8Dialect has been deprecated; use org.hibernate.dialect.MySQLDialect instead
2025-12-03T18:57:45.541-03:00  INFO 10620 --- [servicio-estadistica] [           main] o.h.e.t.j.p.i.JtaPlatformInitiator       : HHH000489: No JTA platform available (set 'hibernate.transaction.jta.platform' to enable JTA platform integration)
2025-12-03T18:57:45.632-03:00  INFO 10620 --- [servicio-estadistica] [           main] j.LocalContainerEntityManagerFactoryBean : Initialized JPA EntityManagerFactory for persistence unit 'default'
2025-12-03T18:57:46.458-03:00  INFO 10620 --- [servicio-estadistica] [           main] o.s.d.j.r.query.QueryEnhancerFactory     : Hibernate is in classpath; If applicable, HQL parser will be used.
2025-12-03T18:57:47.646-03:00  WARN 10620 --- [servicio-estadistica] [           main] JpaBaseConfiguration$JpaWebConfiguration : spring.jpa.open-in-view is enabled by default. Therefore, database queries may be performed during view rendering. Explicitly configure spring.jpa.open-in-view to disable this warning
2025-12-03T18:57:48.858-03:00  INFO 10620 --- [servicio-estadistica] [           main] o.s.b.w.embedded.tomcat.TomcatWebServer  : Tomcat started on port 8084 (http) with context path ''
2025-12-03T18:57:48.886-03:00  INFO 10620 --- [servicio-estadistica] [           main] a.e.f.d.s.EstadisticaApplication         : Started EstadisticaApplication in 17.54 seconds (process running for 19.205)
Actualizando estadísticas...
2025-12-03T18:57:49.800-03:00  INFO 10620 --- [servicio-estadistica] [   scheduling-1] a.e.f.d.s.s.impl.EstadisticasService     : Estadísticas de categorías actualizadas correctamente.
2025-12-03T18:57:49.853-03:00  INFO 10620 --- [servicio-estadistica] [   scheduling-1] a.e.f.d.s.s.impl.EstadisticasService     : Estadísticas de colección actualizadas correctamente.
Hibernate: 
    /* UPDATE
        EstadisticaSolicitudDeEliminacionSpam e 
    SET
        e.cantidadSolicitudesEliminacion = :cantTotalDeSolicitudes,
        e.cantidadDESpam = :cantDeSpam 
    WHERE
        e.id=1 */ update estadisticas_solicitudes_de_eliminacion_spam 
    set
        cantidad_de_solicitudes_de_eliminacion=?,
        cantidad_de_spam=? 
    where
        id=1
Actualizando estadísticas...
2025-12-03T18:57:58.912-03:00  INFO 10620 --- [servicio-estadistica] [   scheduling-1] a.e.f.d.s.s.impl.EstadisticasService     : Estadísticas de categorías actualizadas correctamente.
2025-12-03T18:57:58.937-03:00  INFO 10620 --- [servicio-estadistica] [   scheduling-1] a.e.f.d.s.s.impl.EstadisticasService     : Estadísticas de colección actualizadas correctamente.
Hibernate: 
    /* UPDATE
        EstadisticaSolicitudDeEliminacionSpam e 
    SET
        e.cantidadSolicitudesEliminacion = :cantTotalDeSolicitudes,
        e.cantidadDESpam = :cantDeSpam 
    WHERE
        e.id=1 */ update estadisticas_solicitudes_de_eliminacion_spam 
    set
        cantidad_de_solicitudes_de_eliminacion=?,
        cantidad_de_spam=? 
    where
        id=1
Actualizando estadísticas...
2025-12-03T18:58:08.913-03:00  INFO 10620 --- [servicio-estadistica] [   scheduling-1] a.e.f.d.s.s.impl.EstadisticasService     : Estadísticas de categorías actualizadas correctamente.
2025-12-03T18:58:08.934-03:00  INFO 10620 --- [servicio-estadistica] [   scheduling-1] a.e.f.d.s.s.impl.EstadisticasService     : Estadísticas de colección actualizadas correctamente.
Hibernate: 
    /* UPDATE
        EstadisticaSolicitudDeEliminacionSpam e 
    SET
        e.cantidadSolicitudesEliminacion = :cantTotalDeSolicitudes,
        e.cantidadDESpam = :cantDeSpam 
    WHERE
        e.id=1 */ update estadisticas_solicitudes_de_eliminacion_spam 
    set
        cantidad_de_solicitudes_de_eliminacion=?,
        cantidad_de_spam=? 
    where
        id=1
Actualizando estadísticas...
2025-12-03T18:58:18.913-03:00  INFO 10620 --- [servicio-estadistica] [   scheduling-1] a.e.f.d.s.s.impl.EstadisticasService     : Estadísticas de categorías actualizadas correctamente.
2025-12-03T18:58:18.934-03:00  INFO 10620 --- [servicio-estadistica] [   scheduling-1] a.e.f.d.s.s.impl.EstadisticasService     : Estadísticas de colección actualizadas correctamente.
Hibernate: 
    /* UPDATE
        EstadisticaSolicitudDeEliminacionSpam e 
    SET
        e.cantidadSolicitudesEliminacion = :cantTotalDeSolicitudes,
        e.cantidadDESpam = :cantDeSpam 
    WHERE
        e.id=1 */ update estadisticas_solicitudes_de_eliminacion_spam 
    set
        cantidad_de_solicitudes_de_eliminacion=?,
        cantidad_de_spam=? 
    where
        id=1
Actualizando estadísticas...
2025-12-03T18:58:28.923-03:00  INFO 10620 --- [servicio-estadistica] [   scheduling-1] a.e.f.d.s.s.impl.EstadisticasService     : Estadísticas de categorías actualizadas correctamente.
2025-12-03T18:58:28.942-03:00  INFO 10620 --- [servicio-estadistica] [   scheduling-1] a.e.f.d.s.s.impl.EstadisticasService     : Estadísticas de colección actualizadas correctamente.
Hibernate: 
    /* UPDATE
        EstadisticaSolicitudDeEliminacionSpam e 
    SET
        e.cantidadSolicitudesEliminacion = :cantTotalDeSolicitudes,
        e.cantidadDESpam = :cantDeSpam 
    WHERE
        e.id=1 */ update estadisticas_solicitudes_de_eliminacion_spam 
    set
        cantidad_de_solicitudes_de_eliminacion=?,
        cantidad_de_spam=? 
    where
        id=1
Actualizando estadísticas...
2025-12-03T18:58:38.923-03:00  INFO 10620 --- [servicio-estadistica] [   scheduling-1] a.e.f.d.s.s.impl.EstadisticasService     : Estadísticas de categorías actualizadas correctamente.
2025-12-03T18:58:38.945-03:00  INFO 10620 --- [servicio-estadistica] [   scheduling-1] a.e.f.d.s.s.impl.EstadisticasService     : Estadísticas de colección actualizadas correctamente.
Hibernate: 
    /* UPDATE
        EstadisticaSolicitudDeEliminacionSpam e 
    SET
        e.cantidadSolicitudesEliminacion = :cantTotalDeSolicitudes,
        e.cantidadDESpam = :cantDeSpam 
    WHERE
        e.id=1 */ update estadisticas_solicitudes_de_eliminacion_spam 
    set
        cantidad_de_solicitudes_de_eliminacion=?,
        cantidad_de_spam=? 
    where
        id=1
Actualizando estadísticas...
2025-12-03T18:58:48.916-03:00  INFO 10620 --- [servicio-estadistica] [   scheduling-1] a.e.f.d.s.s.impl.EstadisticasService     : Estadísticas de categorías actualizadas correctamente.
2025-12-03T18:58:48.935-03:00  INFO 10620 --- [servicio-estadistica] [   scheduling-1] a.e.f.d.s.s.impl.EstadisticasService     : Estadísticas de colección actualizadas correctamente.
Hibernate: 
    /* UPDATE
        EstadisticaSolicitudDeEliminacionSpam e 
    SET
        e.cantidadSolicitudesEliminacion = :cantTotalDeSolicitudes,
        e.cantidadDESpam = :cantDeSpam 
    WHERE
        e.id=1 */ update estadisticas_solicitudes_de_eliminacion_spam 
    set
        cantidad_de_solicitudes_de_eliminacion=?,
        cantidad_de_spam=? 
    where
        id=1
Actualizando estadísticas...
2025-12-03T18:58:58.910-03:00  INFO 10620 --- [servicio-estadistica] [   scheduling-1] a.e.f.d.s.s.impl.EstadisticasService     : Estadísticas de categorías actualizadas correctamente.
2025-12-03T18:58:58.932-03:00  INFO 10620 --- [servicio-estadistica] [   scheduling-1] a.e.f.d.s.s.impl.EstadisticasService     : Estadísticas de colección actualizadas correctamente.
Hibernate: 
    /* UPDATE
        EstadisticaSolicitudDeEliminacionSpam e 
    SET
        e.cantidadSolicitudesEliminacion = :cantTotalDeSolicitudes,
        e.cantidadDESpam = :cantDeSpam 
    WHERE
        e.id=1 */ update estadisticas_solicitudes_de_eliminacion_spam 
    set
        cantidad_de_solicitudes_de_eliminacion=?,
        cantidad_de_spam=? 
    where
        id=1
Actualizando estadísticas...
2025-12-03T18:59:08.918-03:00  INFO 10620 --- [servicio-estadistica] [   scheduling-1] a.e.f.d.s.s.impl.EstadisticasService     : Estadísticas de categorías actualizadas correctamente.
2025-12-03T18:59:08.945-03:00  INFO 10620 --- [servicio-estadistica] [   scheduling-1] a.e.f.d.s.s.impl.EstadisticasService     : Estadísticas de colección actualizadas correctamente.
Hibernate: 
    /* UPDATE
        EstadisticaSolicitudDeEliminacionSpam e 
    SET
        e.cantidadSolicitudesEliminacion = :cantTotalDeSolicitudes,
        e.cantidadDESpam = :cantDeSpam 
    WHERE
        e.id=1 */ update estadisticas_solicitudes_de_eliminacion_spam 
    set
        cantidad_de_solicitudes_de_eliminacion=?,
        cantidad_de_spam=? 
    where
        id=1
[INFO] ------------------------------------------------------------------------
[INFO] BUILD FAILURE
[INFO] ------------------------------------------------------------------------
[INFO] Total time:  01:48 min
[INFO] Finished at: 2025-12-03T18:59:10-03:00
[INFO] ------------------------------------------------------------------------
[ERROR] Failed to execute goal org.springframework.boot:spring-boot-maven-plugin:3.2.10:run (default-cli) on project demo: Process terminated with exit code: 143 -> [Help 1]
[ERROR] 
[ERROR] To see the full stack trace of the errors, re-run Maven with the -e switch.
[ERROR] Re-run Maven using the -X switch to enable full debug logging.
[ERROR] 
[ERROR] For more information about the errors and possible solutions, please read the following articles:
[ERROR] [Help 1] http://cwiki.apache.org/confluence/display/MAVEN/MojoExecutionException
