[INFO] Scanning for projects...
[INFO] 
[INFO] -------------< ar.edu.frba.ddsi:servicio-fuente-estatica >--------------
[INFO] Building servicio-fuente-estatica 0.0.1-SNAPSHOT
[INFO]   from pom.xml
[INFO] --------------------------------[ jar ]---------------------------------
[INFO] 
[INFO] >>> spring-boot:3.2.10:run (default-cli) > test-compile @ servicio-fuente-estatica >>>
[INFO] 
[INFO] --- resources:3.3.1:resources (default-resources) @ servicio-fuente-estatica ---
[INFO] Copying 1 resource from src\main\resources to target\classes
[INFO] Copying 1 resource from src\main\resources to target\classes
[INFO] 
[INFO] --- compiler:3.11.0:compile (default-compile) @ servicio-fuente-estatica ---
[INFO] Nothing to compile - all classes are up to date
[INFO] 
[INFO] --- resources:3.3.1:testResources (default-testResources) @ servicio-fuente-estatica ---
[INFO] skip non existing resourceDirectory C:\Users\nicol\OneDrive\Escritorio\TP_Dise-o__Enjavajoyers\servicio-fuente-estatica\src\test\resources
[INFO] 
[INFO] --- compiler:3.11.0:testCompile (default-testCompile) @ servicio-fuente-estatica ---
[INFO] Nothing to compile - all classes are up to date
[INFO] 
[INFO] <<< spring-boot:3.2.10:run (default-cli) < test-compile @ servicio-fuente-estatica <<<
[INFO] 
[INFO] 
[INFO] --- spring-boot:3.2.10:run (default-cli) @ servicio-fuente-estatica ---
[INFO] Attaching agents: []

  .   ____          _            __ _ _
 /\\ / ___'_ __ _ _(_)_ __  __ _ \ \ \ \
( ( )\___ | '_ | '_| | '_ \/ _` | \ \ \ \
 \\/  ___)| |_)| | | | | || (_| |  ) ) ) )
  '  |____| .__|_| |_|_| |_\__, | / / / /
 =========|_|==============|___/=/_/_/_/
 :: Spring Boot ::               (v3.2.10)

2025-12-03T18:57:20.189-03:00  INFO 24916 --- [metapapa] [           main] .f.d.m.ServicioFuenteEstaticaApplication : Starting ServicioFuenteEstaticaApplication using Java 17.0.12 with PID 24916 (C:\Users\nicol\OneDrive\Escritorio\TP_Dise-o__Enjavajoyers\servicio-fuente-estatica\target\classes started by nicol in C:\Users\nicol\OneDrive\Escritorio\TP_Dise-o__Enjavajoyers\servicio-fuente-estatica)
2025-12-03T18:57:20.194-03:00  INFO 24916 --- [metapapa] [           main] .f.d.m.ServicioFuenteEstaticaApplication : No active profile set, falling back to 1 default profile: "default"
2025-12-03T18:57:22.915-03:00  INFO 24916 --- [metapapa] [           main] .s.d.r.c.RepositoryConfigurationDelegate : Bootstrapping Spring Data JPA repositories in DEFAULT mode.
2025-12-03T18:57:23.846-03:00  INFO 24916 --- [metapapa] [           main] .s.d.r.c.RepositoryConfigurationDelegate : Finished Spring Data repository scanning in 876 ms. Found 3 JPA repository interfaces.
2025-12-03T18:57:28.236-03:00  INFO 24916 --- [metapapa] [           main] o.s.b.w.embedded.tomcat.TomcatWebServer  : Tomcat initialized with port 8080 (http)
2025-12-03T18:57:28.369-03:00  INFO 24916 --- [metapapa] [           main] o.apache.catalina.core.StandardService   : Starting service [Tomcat]
2025-12-03T18:57:28.390-03:00  INFO 24916 --- [metapapa] [           main] o.apache.catalina.core.StandardEngine    : Starting Servlet engine: [Apache Tomcat/10.1.30]
2025-12-03T18:57:28.645-03:00  INFO 24916 --- [metapapa] [           main] o.a.c.c.C.[Tomcat].[localhost].[/]       : Initializing Spring embedded WebApplicationContext
2025-12-03T18:57:28.650-03:00  INFO 24916 --- [metapapa] [           main] w.s.c.ServletWebServerApplicationContext : Root WebApplicationContext: initialization completed in 8343 ms
2025-12-03T18:57:30.029-03:00  INFO 24916 --- [metapapa] [           main] o.hibernate.jpa.internal.util.LogHelper  : HHH000204: Processing PersistenceUnitInfo [name: default]
2025-12-03T18:57:30.266-03:00  INFO 24916 --- [metapapa] [           main] org.hibernate.Version                    : HHH000412: Hibernate ORM core version 6.4.10.Final
2025-12-03T18:57:30.495-03:00  INFO 24916 --- [metapapa] [           main] o.h.c.internal.RegionFactoryInitiator    : HHH000026: Second-level cache disabled
2025-12-03T18:57:31.825-03:00  INFO 24916 --- [metapapa] [           main] o.s.o.j.p.SpringPersistenceUnitInfo      : No LoadTimeWeaver setup: ignoring JPA class transformer
2025-12-03T18:57:31.944-03:00  INFO 24916 --- [metapapa] [           main] com.zaxxer.hikari.HikariDataSource       : HikariPool-1 - Starting...
2025-12-03T18:57:33.172-03:00  INFO 24916 --- [metapapa] [           main] com.zaxxer.hikari.pool.HikariPool        : HikariPool-1 - Added connection com.mysql.cj.jdbc.ConnectionImpl@7df4709e
2025-12-03T18:57:33.176-03:00  INFO 24916 --- [metapapa] [           main] com.zaxxer.hikari.HikariDataSource       : HikariPool-1 - Start completed.
2025-12-03T18:57:33.364-03:00  WARN 24916 --- [metapapa] [           main] org.hibernate.orm.deprecation            : HHH90000025: MySQL8Dialect does not need to be specified explicitly using 'hibernate.dialect' (remove the property setting and it will be selected by default)
2025-12-03T18:57:33.366-03:00  WARN 24916 --- [metapapa] [           main] org.hibernate.orm.deprecation            : HHH90000026: MySQL8Dialect has been deprecated; use org.hibernate.dialect.MySQLDialect instead
2025-12-03T18:57:37.625-03:00  INFO 24916 --- [metapapa] [           main] o.h.e.t.j.p.i.JtaPlatformInitiator       : HHH000489: No JTA platform available (set 'hibernate.transaction.jta.platform' to enable JTA platform integration)
2025-12-03T18:57:38.165-03:00  INFO 24916 --- [metapapa] [           main] j.LocalContainerEntityManagerFactoryBean : Initialized JPA EntityManagerFactory for persistence unit 'default'
2025-12-03T18:57:39.121-03:00  INFO 24916 --- [metapapa] [           main] o.s.d.j.r.query.QueryEnhancerFactory     : Hibernate is in classpath; If applicable, HQL parser will be used.
2025-12-03T18:57:41.952-03:00  WARN 24916 --- [metapapa] [           main] JpaBaseConfiguration$JpaWebConfiguration : spring.jpa.open-in-view is enabled by default. Therefore, database queries may be performed during view rendering. Explicitly configure spring.jpa.open-in-view to disable this warning
2025-12-03T18:57:43.980-03:00  INFO 24916 --- [metapapa] [           main] o.s.b.w.embedded.tomcat.TomcatWebServer  : Tomcat started on port 8080 (http) with context path ''
2025-12-03T18:57:44.001-03:00  INFO 24916 --- [metapapa] [           main] .f.d.m.ServicioFuenteEstaticaApplication : Started ServicioFuenteEstaticaApplication in 25.156 seconds (process running for 26.275)
2025-12-03T18:57:44.008-03:00  INFO 24916 --- [metapapa] [           main] a.e.u.f.ddsi.metamapa.config.DataLoader  : ? Iniciando carga automática de datos desde CSV...
2025-12-03T18:57:44.011-03:00  INFO 24916 --- [metapapa] [           main] a.e.u.f.ddsi.metamapa.config.DataLoader  : ? Leyendo archivo hechos.csv...
2025-12-03T18:57:44.259-03:00 ERROR 24916 --- [metapapa] [           main] a.e.u.f.ddsi.metamapa.config.DataLoader  : ? Error al cargar datos iniciales desde CSV: Text '2020-08-15' could not be parsed at index 2

java.time.format.DateTimeParseException: Text '2020-08-15' could not be parsed at index 2
	at java.base/java.time.format.DateTimeFormatter.parseResolved0(DateTimeFormatter.java:2052) ~[na:na]
	at java.base/java.time.format.DateTimeFormatter.parse(DateTimeFormatter.java:1954) ~[na:na]
	at java.base/java.time.LocalDate.parse(LocalDate.java:430) ~[na:na]
	at ar.edu.utn.frba.ddsi.metamapa.models.entities.importador.ImportadorCsv.lambda$6(ImportadorCsv.java:82) ~[classes/:na]
	at java.base/java.util.stream.ReferencePipeline$3$1.accept(ReferencePipeline.java:197) ~[na:na]
	at java.base/java.util.ArrayList$ArrayListSpliterator.forEachRemaining(ArrayList.java:1625) ~[na:na]
	at java.base/java.util.stream.AbstractPipeline.copyInto(AbstractPipeline.java:509) ~[na:na]
	at java.base/java.util.stream.AbstractPipeline.wrapAndCopyInto(AbstractPipeline.java:499) ~[na:na]
	at java.base/java.util.stream.AbstractPipeline.evaluate(AbstractPipeline.java:575) ~[na:na]
	at java.base/java.util.stream.AbstractPipeline.evaluateToArrayNode(AbstractPipeline.java:260) ~[na:na]
	at java.base/java.util.stream.ReferencePipeline.toArray(ReferencePipeline.java:616) ~[na:na]
	at java.base/java.util.stream.ReferencePipeline.toArray(ReferencePipeline.java:622) ~[na:na]
	at java.base/java.util.stream.ReferencePipeline.toList(ReferencePipeline.java:627) ~[na:na]
	at ar.edu.utn.frba.ddsi.metamapa.models.entities.importador.ImportadorCsv.importarDatasetMultiPartFile(ImportadorCsv.java:84) ~[classes/:na]
	at ar.edu.utn.frba.ddsi.metamapa.config.DataLoader.run(DataLoader.java:53) ~[classes/:na]
	at org.springframework.boot.SpringApplication.lambda$callRunner$4(SpringApplication.java:786) ~[spring-boot-3.2.10.jar:3.2.10]
	at org.springframework.util.function.ThrowingConsumer$1.acceptWithException(ThrowingConsumer.java:83) ~[spring-core-6.1.13.jar:6.1.13]
	at org.springframework.util.function.ThrowingConsumer.accept(ThrowingConsumer.java:60) ~[spring-core-6.1.13.jar:6.1.13]
	at org.springframework.util.function.ThrowingConsumer$1.accept(ThrowingConsumer.java:88) ~[spring-core-6.1.13.jar:6.1.13]
	at org.springframework.boot.SpringApplication.callRunner(SpringApplication.java:798) ~[spring-boot-3.2.10.jar:3.2.10]
	at org.springframework.boot.SpringApplication.callRunner(SpringApplication.java:786) ~[spring-boot-3.2.10.jar:3.2.10]
	at org.springframework.boot.SpringApplication.lambda$callRunners$3(SpringApplication.java:774) ~[spring-boot-3.2.10.jar:3.2.10]
	at java.base/java.util.stream.ForEachOps$ForEachOp$OfRef.accept(ForEachOps.java:183) ~[na:na]
	at java.base/java.util.stream.SortedOps$SizedRefSortingSink.end(SortedOps.java:357) ~[na:na]
	at java.base/java.util.stream.AbstractPipeline.copyInto(AbstractPipeline.java:510) ~[na:na]
	at java.base/java.util.stream.AbstractPipeline.wrapAndCopyInto(AbstractPipeline.java:499) ~[na:na]
	at java.base/java.util.stream.ForEachOps$ForEachOp.evaluateSequential(ForEachOps.java:150) ~[na:na]
	at java.base/java.util.stream.ForEachOps$ForEachOp$OfRef.evaluateSequential(ForEachOps.java:173) ~[na:na]
	at java.base/java.util.stream.AbstractPipeline.evaluate(AbstractPipeline.java:234) ~[na:na]
	at java.base/java.util.stream.ReferencePipeline.forEach(ReferencePipeline.java:596) ~[na:na]
	at org.springframework.boot.SpringApplication.callRunners(SpringApplication.java:774) ~[spring-boot-3.2.10.jar:3.2.10]
	at org.springframework.boot.SpringApplication.run(SpringApplication.java:342) ~[spring-boot-3.2.10.jar:3.2.10]
	at org.springframework.boot.SpringApplication.run(SpringApplication.java:1363) ~[spring-boot-3.2.10.jar:3.2.10]
	at org.springframework.boot.SpringApplication.run(SpringApplication.java:1352) ~[spring-boot-3.2.10.jar:3.2.10]
	at ar.edu.utn.frba.ddsi.metamapa.ServicioFuenteEstaticaApplication.main(ServicioFuenteEstaticaApplication.java:14) ~[classes/:na]

2025-12-03T18:57:49.243-03:00  INFO 24916 --- [metapapa] [nio-8080-exec-3] o.a.c.c.C.[Tomcat].[localhost].[/]       : Initializing Spring DispatcherServlet 'dispatcherServlet'
2025-12-03T18:57:49.244-03:00  INFO 24916 --- [metapapa] [nio-8080-exec-3] o.s.web.servlet.DispatcherServlet        : Initializing Servlet 'dispatcherServlet'
2025-12-03T18:57:49.247-03:00  INFO 24916 --- [metapapa] [nio-8080-exec-3] o.s.web.servlet.DispatcherServlet        : Completed initialization in 3 ms
Hibernate: 
    select
        h1_0.id,
        h1_0.categoria_id,
        h1_0.descripcion,
        h1_0.eliminado,
        h1_0.fecha,
        h1_0.fecha_creacion,
        h1_0.fuente_id,
        h1_0.titulo,
        h1_0.latitud,
        h1_0.longitud 
    from
        hechos h1_0
[INFO] ------------------------------------------------------------------------
[INFO] BUILD FAILURE
[INFO] ------------------------------------------------------------------------
[INFO] Total time:  02:01 min
[INFO] Finished at: 2025-12-03T18:59:14-03:00
[INFO] ------------------------------------------------------------------------
[ERROR] Failed to execute goal org.springframework.boot:spring-boot-maven-plugin:3.2.10:run (default-cli) on project servicio-fuente-estatica: Process terminated with exit code: 143 -> [Help 1]
[ERROR] 
[ERROR] To see the full stack trace of the errors, re-run Maven with the -e switch.
[ERROR] Re-run Maven using the -X switch to enable full debug logging.
[ERROR] 
[ERROR] For more information about the errors and possible solutions, please read the following articles:
[ERROR] [Help 1] http://cwiki.apache.org/confluence/display/MAVEN/MojoExecutionException
